# JRE version: OpenJDK Runtime Environment (8.0_152-b01) (build 1.8.0_152-release-884-b01)
# Java VM: OpenJDK 64-Bit Server VM (25.152-b01 mixed mode windows-amd64 compressed oops)
Heap:
 PSYoungGen      total 157184K, used 8736K [0x00000000f5580000, 0x0000000100000000, 0x0000000100000000)
  eden space 140800K, 0% used [0x00000000f5580000,0x00000000f5580000,0x00000000fdf00000)
  from space 16384K, 53% used [0x00000000fdf00000,0x00000000fe788000,0x00000000fef00000)
  to   space 16384K, 0% used [0x00000000ff000000,0x00000000ff000000,0x0000000100000000)
 ParOldGen       total 212992K, used 205756K [0x00000000e0000000, 0x00000000ed000000, 0x00000000f5580000)
  object space 212992K, 96% used [0x00000000e0000000,0x00000000ec8ef3c0,0x00000000ed000000)
 Metaspace       used 105002K, capacity 112572K, committed 112844K, reserved 1146880K
  class space    used 13163K, capacity 14978K, committed 15104K, reserved 1048576K
GC Heap History (10 events):
Event: 13515.325 GC heap after
Heap after GC invocations=73 (full 4):
 PSYoungGen      total 156160K, used 2420K [0x00000000f5580000, 0x00000000fff80000, 0x0000000100000000)
  eden space 138752K, 0% used [0x00000000f5580000,0x00000000f5580000,0x00000000fdd00000)
  from space 17408K, 13% used [0x00000000fdd00000,0x00000000fdf5d308,0x00000000fee00000)
  to   space 16896K, 0% used [0x00000000fef00000,0x00000000fef00000,0x00000000fff80000)
 ParOldGen       total 212992K, used 186782K [0x00000000e0000000, 0x00000000ed000000, 0x00000000f5580000)
  object space 212992K, 87% used [0x00000000e0000000,0x00000000eb667b18,0x00000000ed000000)
 Metaspace       used 104897K, capacity 112448K, committed 112460K, reserved 1146880K
  class space    used 13154K, capacity 14964K, committed 14976K, reserved 1048576K
}
Event: 13515.992 GC heap before
{Heap before GC invocations=74 (full 4):
 PSYoungGen      total 156160K, used 141172K [0x00000000f5580000, 0x00000000fff80000, 0x0000000100000000)
  eden space 138752K, 100% used [0x00000000f5580000,0x00000000fdd00000,0x00000000fdd00000)
  from space 17408K, 13% used [0x00000000fdd00000,0x00000000fdf5d308,0x00000000fee00000)
  to   space 16896K, 0% used [0x00000000fef00000,0x00000000fef00000,0x00000000fff80000)
 ParOldGen       total 212992K, used 186782K [0x00000000e0000000, 0x00000000ed000000, 0x00000000f5580000)
  object space 212992K, 87% used [0x00000000e0000000,0x00000000eb667b18,0x00000000ed000000)
 Metaspace       used 104903K, capacity 112448K, committed 112460K, reserved 1146880K
  class space    used 13154K, capacity 14964K, committed 14976K, reserved 1048576K
Event: 13516.017 GC heap after
Heap after GC invocations=74 (full 4):
 PSYoungGen      total 157184K, used 8320K [0x00000000f5580000, 0x00000000fff80000, 0x0000000100000000)
  eden space 140288K, 0% used [0x00000000f5580000,0x00000000f5580000,0x00000000fde80000)
  from space 16896K, 49% used [0x00000000fef00000,0x00000000ff720000,0x00000000fff80000)
  to   space 16896K, 0% used [0x00000000fde80000,0x00000000fde80000,0x00000000fef00000)
 ParOldGen       total 212992K, used 188028K [0x00000000e0000000, 0x00000000ed000000, 0x00000000f5580000)
  object space 212992K, 88% used [0x00000000e0000000,0x00000000eb79f2e0,0x00000000ed000000)
 Metaspace       used 104903K, capacity 112448K, committed 112460K, reserved 1146880K
  class space    used 13154K, capacity 14964K, committed 14976K, reserved 1048576K
}
Event: 13516.634 GC heap before
{Heap before GC invocations=75 (full 4):
 PSYoungGen      total 157184K, used 148608K [0x00000000f5580000, 0x00000000fff80000, 0x0000000100000000)
  eden space 140288K, 100% used [0x00000000f5580000,0x00000000fde80000,0x00000000fde80000)
  from space 16896K, 49% used [0x00000000fef00000,0x00000000ff720000,0x00000000fff80000)
  to   space 16896K, 0% used [0x00000000fde80000,0x00000000fde80000,0x00000000fef00000)
 ParOldGen       total 212992K, used 188028K [0x00000000e0000000, 0x00000000ed000000, 0x00000000f5580000)
  object space 212992K, 88% used [0x00000000e0000000,0x00000000eb79f2e0,0x00000000ed000000)
 Metaspace       used 104918K, capacity 112512K, committed 112716K, reserved 1146880K
  class space    used 13154K, capacity 14964K, committed 14976K, reserved 1048576K
Event: 13516.647 GC heap after
Heap after GC invocations=75 (full 4):
 PSYoungGen      total 157184K, used 8320K [0x00000000f5580000, 0x0000000100000000, 0x0000000100000000)
  eden space 140288K, 0% used [0x00000000f5580000,0x00000000f5580000,0x00000000fde80000)
  from space 16896K, 49% used [0x00000000fde80000,0x00000000fe6a0000,0x00000000fef00000)
  to   space 16896K, 0% used [0x00000000fef80000,0x00000000fef80000,0x0000000100000000)
 ParOldGen       total 212992K, used 196268K [0x00000000e0000000, 0x00000000ed000000, 0x00000000f5580000)
  object space 212992K, 92% used [0x00000000e0000000,0x00000000ebfab380,0x00000000ed000000)
 Metaspace       used 104918K, capacity 112512K, committed 112716K, reserved 1146880K
  class space    used 13154K, capacity 14964K, committed 14976K, reserved 1048576K
}
Event: 13519.273 GC heap before
{Heap before GC invocations=76 (full 4):
 PSYoungGen      total 157184K, used 148608K [0x00000000f5580000, 0x0000000100000000, 0x0000000100000000)
  eden space 140288K, 100% used [0x00000000f5580000,0x00000000fde80000,0x00000000fde80000)
  from space 16896K, 49% used [0x00000000fde80000,0x00000000fe6a0000,0x00000000fef00000)
  to   space 16896K, 0% used [0x00000000fef80000,0x00000000fef80000,0x0000000100000000)
 ParOldGen       total 212992K, used 196268K [0x00000000e0000000, 0x00000000ed000000, 0x00000000f5580000)
  object space 212992K, 92% used [0x00000000e0000000,0x00000000ebfab380,0x00000000ed000000)
 Metaspace       used 104988K, capacity 112572K, committed 112844K, reserved 1146880K
  class space    used 13163K, capacity 14978K, committed 15104K, reserved 1048576K
Event: 13519.283 GC heap after
Heap after GC invocations=76 (full 4):
 PSYoungGen      total 156672K, used 6784K [0x00000000f5580000, 0x00000000fff00000, 0x0000000100000000)
  eden space 140800K, 0% used [0x00000000f5580000,0x00000000f5580000,0x00000000fdf00000)
  from space 15872K, 42% used [0x00000000fef80000,0x00000000ff620000,0x00000000fff00000)
  to   space 16384K, 0% used [0x00000000fdf00000,0x00000000fdf00000,0x00000000fef00000)
 ParOldGen       total 212992K, used 199948K [0x00000000e0000000, 0x00000000ed000000, 0x00000000f5580000)
  object space 212992K, 93% used [0x00000000e0000000,0x00000000ec3433a0,0x00000000ed000000)
 Metaspace       used 104988K, capacity 112572K, committed 112844K, reserved 1146880K
  class space    used 13163K, capacity 14978K, committed 15104K, reserved 1048576K
}
Event: 13519.845 GC heap before
{Heap before GC invocations=77 (full 4):
 PSYoungGen      total 156672K, used 147584K [0x00000000f5580000, 0x00000000fff00000, 0x0000000100000000)
  eden space 140800K, 100% used [0x00000000f5580000,0x00000000fdf00000,0x00000000fdf00000)
  from space 15872K, 42% used [0x00000000fef80000,0x00000000ff620000,0x00000000fff00000)
  to   space 16384K, 0% used [0x00000000fdf00000,0x00000000fdf00000,0x00000000fef00000)
 ParOldGen       total 212992K, used 199948K [0x00000000e0000000, 0x00000000ed000000, 0x00000000f5580000)
  object space 212992K, 93% used [0x00000000e0000000,0x00000000ec3433a0,0x00000000ed000000)
 Metaspace       used 105002K, capacity 112572K, committed 112844K, reserved 1146880K
  class space    used 13163K, capacity 14978K, committed 15104K, reserved 1048576K
Event: 13519.859 GC heap after
Heap after GC invocations=77 (full 4):
 PSYoungGen      total 157184K, used 8736K [0x00000000f5580000, 0x0000000100000000, 0x0000000100000000)
  eden space 140800K, 0% used [0x00000000f5580000,0x00000000f5580000,0x00000000fdf00000)
  from space 16384K, 53% used [0x00000000fdf00000,0x00000000fe788000,0x00000000fef00000)
  to   space 16384K, 0% used [0x00000000ff000000,0x00000000ff000000,0x0000000100000000)
 ParOldGen       total 212992K, used 205756K [0x00000000e0000000, 0x00000000ed000000, 0x00000000f5580000)
  object space 212992K, 96% used [0x00000000e0000000,0x00000000ec8ef3c0,0x00000000ed000000)
 Metaspace       used 105002K, capacity 112572K, committed 112844K, reserved 1146880K
  class space    used 13163K, capacity 14978K, committed 15104K, reserved 1048576K
}
Event: 13519.859 GC heap before
{Heap before GC invocations=78 (full 5):
 PSYoungGen      total 157184K, used 8736K [0x00000000f5580000, 0x0000000100000000, 0x0000000100000000)
  eden space 140800K, 0% used [0x00000000f5580000,0x00000000f5580000,0x00000000fdf00000)
  from space 16384K, 53% used [0x00000000fdf00000,0x00000000fe788000,0x00000000fef00000)
  to   space 16384K, 0% used [0x00000000ff000000,0x00000000ff000000,0x0000000100000000)
 ParOldGen       total 212992K, used 205756K [0x00000000e0000000, 0x00000000ed000000, 0x00000000f5580000)
  object space 212992K, 96% used [0x00000000e0000000,0x00000000ec8ef3c0,0x00000000ed000000)
 Metaspace       used 105002K, capacity 112572K, committed 112844K, reserved 1146880K
  class space    used 13163K, capacity 14978K, committed 15104K, reserved 1048576K

